2014-10-15 00:34:31 Error: [MissingControllerException] Controller class ParkstoneController could not be found.
Exception Attributes: array (
  'class' => 'ParkstoneController',
  'plugin' => NULL,
)
Request URL: /Parkstone/parkstone/
Stack Trace:
#0 C:\wamp\www\Parkstone\app\webroot\index.php(108): Dispatcher->dispatch(Object(CakeRequest), Object(CakeResponse))
#1 {main}
2014-10-15 00:34:31 Error: [MissingControllerException] Controller class CssController could not be found.
Exception Attributes: array (
  'class' => 'CssController',
  'plugin' => NULL,
)
Request URL: /Parkstone/css/style.less.css
Stack Trace:
#0 C:\wamp\www\Parkstone\app\webroot\index.php(108): Dispatcher->dispatch(Object(CakeRequest), Object(CakeResponse))
#1 {main}
2014-10-15 00:35:24 Error: [MissingControllerException] Controller class CssController could not be found.
Exception Attributes: array (
  'class' => 'CssController',
  'plugin' => NULL,
)
Request URL: /Parkstone/css/style.less.css
Stack Trace:
#0 C:\wamp\www\Parkstone\app\webroot\index.php(108): Dispatcher->dispatch(Object(CakeRequest), Object(CakeResponse))
#1 {main}
2014-10-15 00:35:28 Error: [MissingControllerException] Controller class CssController could not be found.
Exception Attributes: array (
  'class' => 'CssController',
  'plugin' => NULL,
)
Request URL: /Parkstone/css/style.less.css
Stack Trace:
#0 C:\wamp\www\Parkstone\app\webroot\index.php(108): Dispatcher->dispatch(Object(CakeRequest), Object(CakeResponse))
#1 {main}
2014-10-15 00:35:36 Error: [MissingControllerException] Controller class CssController could not be found.
Exception Attributes: array (
  'class' => 'CssController',
  'plugin' => NULL,
)
Request URL: /Parkstone/css/style.less.css
Stack Trace:
#0 C:\wamp\www\Parkstone\app\webroot\index.php(108): Dispatcher->dispatch(Object(CakeRequest), Object(CakeResponse))
#1 {main}
2014-10-15 00:35:36 Error: [MissingControllerException] Controller class CssController could not be found.
Exception Attributes: array (
  'class' => 'CssController',
  'plugin' => NULL,
)
Request URL: /Parkstone/css/style.less.css
Stack Trace:
#0 C:\wamp\www\Parkstone\app\webroot\index.php(108): Dispatcher->dispatch(Object(CakeRequest), Object(CakeResponse))
#1 {main}
2014-10-15 16:59:55 Error: [MissingControllerException] Controller class ParkstoneController could not be found.
Exception Attributes: array (
  'class' => 'ParkstoneController',
  'plugin' => NULL,
)
Request URL: /Parkstone/parkstone/
Stack Trace:
#0 C:\xampp\htdocs\Parkstone\app\webroot\index.php(108): Dispatcher->dispatch(Object(CakeRequest), Object(CakeResponse))
#1 {main}
2014-10-15 16:59:55 Error: [MissingControllerException] Controller class CssController could not be found.
Exception Attributes: array (
  'class' => 'CssController',
  'plugin' => NULL,
)
Request URL: /Parkstone/css/style.less.css
Stack Trace:
#0 C:\xampp\htdocs\Parkstone\app\webroot\index.php(108): Dispatcher->dispatch(Object(CakeRequest), Object(CakeResponse))
#1 {main}
2014-10-15 16:59:56 Error: [MissingControllerException] Controller class CssController could not be found.
Exception Attributes: array (
  'class' => 'CssController',
  'plugin' => NULL,
)
Request URL: /Parkstone/css/style.less.css
Stack Trace:
#0 C:\xampp\htdocs\Parkstone\app\webroot\index.php(108): Dispatcher->dispatch(Object(CakeRequest), Object(CakeResponse))
#1 {main}
2014-10-15 18:39:05 Error: [MissingControllerException] Controller class ParkstoneController could not be found.
Exception Attributes: array (
  'class' => 'ParkstoneController',
  'plugin' => NULL,
)
Request URL: /Parkstone/parkstone/
Stack Trace:
#0 C:\wamp\www\Parkstone\app\webroot\index.php(108): Dispatcher->dispatch(Object(CakeRequest), Object(CakeResponse))
#1 {main}
2014-10-15 18:39:05 Error: [MissingControllerException] Controller class CssController could not be found.
Exception Attributes: array (
  'class' => 'CssController',
  'plugin' => NULL,
)
Request URL: /Parkstone/css/style.less.css
Stack Trace:
#0 C:\wamp\www\Parkstone\app\webroot\index.php(108): Dispatcher->dispatch(Object(CakeRequest), Object(CakeResponse))
#1 {main}
2014-10-15 18:39:05 Error: [MissingControllerException] Controller class CssController could not be found.
Exception Attributes: array (
  'class' => 'CssController',
  'plugin' => NULL,
)
Request URL: /Parkstone/css/style.less.css
Stack Trace:
#0 C:\wamp\www\Parkstone\app\webroot\index.php(108): Dispatcher->dispatch(Object(CakeRequest), Object(CakeResponse))
#1 {main}
2014-10-15 18:39:16 Error: [MissingConnectionException] Database connection "Mysql" is missing, or could not be created.
Exception Attributes: array (
  'class' => 'Mysql',
  'message' => 'SQLSTATE[HY000] [1049] Base \'qwickfu1_parkst_inv\' inconnue',
  'enabled' => true,
)
Request URL: /Parkstone/Investments/newInvestment0
Stack Trace:
#0 C:\wamp\www\Parkstone\lib\Cake\Model\Datasource\DboSource.php(260): Mysql->connect()
#1 C:\wamp\www\Parkstone\lib\Cake\Model\ConnectionManager.php(105): DboSource->__construct(Array)
#2 C:\wamp\www\Parkstone\lib\Cake\Model\Model.php(3477): ConnectionManager::getDataSource('default')
#3 C:\wamp\www\Parkstone\lib\Cake\Model\Model.php(1126): Model->setDataSource('default')
#4 C:\wamp\www\Parkstone\lib\Cake\Model\Model.php(3499): Model->setSource('idtypes')
#5 C:\wamp\www\Parkstone\lib\Cake\Model\Model.php(2903): Model->getDataSource()
#6 C:\wamp\www\Parkstone\lib\Cake\Model\Model.php(2875): Model->_readDataSource('list', Array)
#7 C:\wamp\www\Parkstone\app\Controller\InvestmentsController.php(717): Model->find('list')
#8 [internal function]: InvestmentsController->newInvestment0()
#9 C:\wamp\www\Parkstone\lib\Cake\Controller\Controller.php(490): ReflectionMethod->invokeArgs(Object(InvestmentsController), Array)
#10 C:\wamp\www\Parkstone\lib\Cake\Routing\Dispatcher.php(185): Controller->invokeAction(Object(CakeRequest))
#11 C:\wamp\www\Parkstone\lib\Cake\Routing\Dispatcher.php(160): Dispatcher->_invoke(Object(InvestmentsController), Object(CakeRequest), Object(CakeResponse))
#12 C:\wamp\www\Parkstone\app\webroot\index.php(108): Dispatcher->dispatch(Object(CakeRequest), Object(CakeResponse))
#13 {main}
2014-10-15 18:39:16 Error: [MissingControllerException] Controller class CssController could not be found.
Exception Attributes: array (
  'class' => 'CssController',
  'plugin' => NULL,
)
Request URL: /Parkstone/css/style.less.css
Stack Trace:
#0 C:\wamp\www\Parkstone\app\webroot\index.php(108): Dispatcher->dispatch(Object(CakeRequest), Object(CakeResponse))
#1 {main}
2014-10-15 18:40:29 Error: [MissingControllerException] Controller class CssController could not be found.
Exception Attributes: array (
  'class' => 'CssController',
  'plugin' => NULL,
)
Request URL: /Parkstone/css/style.less.css
Stack Trace:
#0 C:\wamp\www\Parkstone\app\webroot\index.php(108): Dispatcher->dispatch(Object(CakeRequest), Object(CakeResponse))
#1 {main}
2014-10-15 18:40:29 Error: [MissingControllerException] Controller class CssController could not be found.
Exception Attributes: array (
  'class' => 'CssController',
  'plugin' => NULL,
)
Request URL: /Parkstone/css/style.less.css
Stack Trace:
#0 C:\wamp\www\Parkstone\app\webroot\index.php(108): Dispatcher->dispatch(Object(CakeRequest), Object(CakeResponse))
#1 {main}
2014-10-16 00:45:04 Error: [MissingControllerException] Controller class CssController could not be found.
Exception Attributes: array (
  'class' => 'CssController',
  'plugin' => NULL,
)
Request URL: /Parkstone/css/style.less.css
Stack Trace:
#0 C:\wamp\www\Parkstone\app\webroot\index.php(108): Dispatcher->dispatch(Object(CakeRequest), Object(CakeResponse))
#1 {main}
2014-10-16 00:45:04 Error: [MissingControllerException] Controller class CssController could not be found.
Exception Attributes: array (
  'class' => 'CssController',
  'plugin' => NULL,
)
Request URL: /Parkstone/css/style.less.css
Stack Trace:
#0 C:\wamp\www\Parkstone\app\webroot\index.php(108): Dispatcher->dispatch(Object(CakeRequest), Object(CakeResponse))
#1 {main}
2014-10-16 00:45:23 Error: [MissingControllerException] Controller class CssController could not be found.
Exception Attributes: array (
  'class' => 'CssController',
  'plugin' => NULL,
)
Request URL: /Parkstone/css/style.less.css
Stack Trace:
#0 C:\wamp\www\Parkstone\app\webroot\index.php(108): Dispatcher->dispatch(Object(CakeRequest), Object(CakeResponse))
#1 {main}
2014-10-16 00:45:23 Error: [MissingControllerException] Controller class JsController could not be found.
Exception Attributes: array (
  'class' => 'JsController',
  'plugin' => NULL,
)
Request URL: /Parkstone/js/jquery.bootstrap.wizard.min.js
Stack Trace:
#0 C:\wamp\www\Parkstone\app\webroot\index.php(108): Dispatcher->dispatch(Object(CakeRequest), Object(CakeResponse))
#1 {main}
2014-10-16 00:45:23 Error: [MissingControllerException] Controller class JsController could not be found.
Exception Attributes: array (
  'class' => 'JsController',
  'plugin' => NULL,
)
Request URL: /Parkstone/js/jquery.bootstrap.wizard.js
Stack Trace:
#0 C:\wamp\www\Parkstone\app\webroot\index.php(108): Dispatcher->dispatch(Object(CakeRequest), Object(CakeResponse))
#1 {main}
2014-10-16 00:45:23 Error: [MissingControllerException] Controller class JsController could not be found.
Exception Attributes: array (
  'class' => 'JsController',
  'plugin' => NULL,
)
Request URL: /Parkstone/js/prettify.js
Stack Trace:
#0 C:\wamp\www\Parkstone\app\webroot\index.php(108): Dispatcher->dispatch(Object(CakeRequest), Object(CakeResponse))
#1 {main}
2014-10-16 00:45:23 Error: [MissingControllerException] Controller class JsController could not be found.
Exception Attributes: array (
  'class' => 'JsController',
  'plugin' => NULL,
)
Request URL: /Parkstone/js/jquery.bootstrap.wizard.min.js
Stack Trace:
#0 C:\wamp\www\Parkstone\app\webroot\index.php(108): Dispatcher->dispatch(Object(CakeRequest), Object(CakeResponse))
#1 {main}
2014-10-16 00:45:23 Error: [MissingControllerException] Controller class JsController could not be found.
Exception Attributes: array (
  'class' => 'JsController',
  'plugin' => NULL,
)
Request URL: /Parkstone/js/prettify.js
Stack Trace:
#0 C:\wamp\www\Parkstone\app\webroot\index.php(108): Dispatcher->dispatch(Object(CakeRequest), Object(CakeResponse))
#1 {main}
2014-10-16 00:50:31 Error: [MissingControllerException] Controller class CssController could not be found.
Exception Attributes: array (
  'class' => 'CssController',
  'plugin' => NULL,
)
Request URL: /Parkstone/css/style.less.css
Stack Trace:
#0 C:\wamp\www\Parkstone\app\webroot\index.php(108): Dispatcher->dispatch(Object(CakeRequest), Object(CakeResponse))
#1 {main}
2014-10-16 00:50:31 Error: [MissingControllerException] Controller class JsController could not be found.
Exception Attributes: array (
  'class' => 'JsController',
  'plugin' => NULL,
)
Request URL: /Parkstone/js/jquery.bootstrap.wizard.js
Stack Trace:
#0 C:\wamp\www\Parkstone\app\webroot\index.php(108): Dispatcher->dispatch(Object(CakeRequest), Object(CakeResponse))
#1 {main}
2014-10-16 00:50:31 Error: [MissingControllerException] Controller class JsController could not be found.
Exception Attributes: array (
  'class' => 'JsController',
  'plugin' => NULL,
)
Request URL: /Parkstone/js/jquery.bootstrap.wizard.min.js
Stack Trace:
#0 C:\wamp\www\Parkstone\app\webroot\index.php(108): Dispatcher->dispatch(Object(CakeRequest), Object(CakeResponse))
#1 {main}
2014-10-16 00:50:31 Error: [MissingControllerException] Controller class JsController could not be found.
Exception Attributes: array (
  'class' => 'JsController',
  'plugin' => NULL,
)
Request URL: /Parkstone/js/prettify.js
Stack Trace:
#0 C:\wamp\www\Parkstone\app\webroot\index.php(108): Dispatcher->dispatch(Object(CakeRequest), Object(CakeResponse))
#1 {main}
2014-10-16 00:50:31 Error: [MissingControllerException] Controller class CssController could not be found.
Exception Attributes: array (
  'class' => 'CssController',
  'plugin' => NULL,
)
Request URL: /Parkstone/css/style.less.css
Stack Trace:
#0 C:\wamp\www\Parkstone\app\webroot\index.php(108): Dispatcher->dispatch(Object(CakeRequest), Object(CakeResponse))
#1 {main}
2014-10-16 00:50:32 Error: [MissingControllerException] Controller class JsController could not be found.
Exception Attributes: array (
  'class' => 'JsController',
  'plugin' => NULL,
)
Request URL: /Parkstone/js/jquery.bootstrap.wizard.js
Stack Trace:
#0 C:\wamp\www\Parkstone\app\webroot\index.php(108): Dispatcher->dispatch(Object(CakeRequest), Object(CakeResponse))
#1 {main}
2014-10-16 00:50:32 Error: [MissingControllerException] Controller class JsController could not be found.
Exception Attributes: array (
  'class' => 'JsController',
  'plugin' => NULL,
)
Request URL: /Parkstone/js/jquery.bootstrap.wizard.min.js
Stack Trace:
#0 C:\wamp\www\Parkstone\app\webroot\index.php(108): Dispatcher->dispatch(Object(CakeRequest), Object(CakeResponse))
#1 {main}
2014-10-16 00:50:32 Error: [MissingControllerException] Controller class JsController could not be found.
Exception Attributes: array (
  'class' => 'JsController',
  'plugin' => NULL,
)
Request URL: /Parkstone/js/prettify.js
Stack Trace:
#0 C:\wamp\www\Parkstone\app\webroot\index.php(108): Dispatcher->dispatch(Object(CakeRequest), Object(CakeResponse))
#1 {main}
2014-10-16 01:03:57 Error: [MissingControllerException] Controller class CssController could not be found.
Exception Attributes: array (
  'class' => 'CssController',
  'plugin' => NULL,
)
Request URL: /Parkstone/css/style.less.css
Stack Trace:
#0 C:\wamp\www\Parkstone\app\webroot\index.php(108): Dispatcher->dispatch(Object(CakeRequest), Object(CakeResponse))
#1 {main}
2014-10-16 01:03:57 Error: [MissingControllerException] Controller class JsController could not be found.
Exception Attributes: array (
  'class' => 'JsController',
  'plugin' => NULL,
)
Request URL: /Parkstone/js/jquery.bootstrap.wizard.js
Stack Trace:
#0 C:\wamp\www\Parkstone\app\webroot\index.php(108): Dispatcher->dispatch(Object(CakeRequest), Object(CakeResponse))
#1 {main}
2014-10-16 01:03:58 Error: [MissingControllerException] Controller class JsController could not be found.
Exception Attributes: array (
  'class' => 'JsController',
  'plugin' => NULL,
)
Request URL: /Parkstone/js/jquery.bootstrap.wizard.min.js
Stack Trace:
#0 C:\wamp\www\Parkstone\app\webroot\index.php(108): Dispatcher->dispatch(Object(CakeRequest), Object(CakeResponse))
#1 {main}
2014-10-16 01:03:58 Error: [MissingControllerException] Controller class JsController could not be found.
Exception Attributes: array (
  'class' => 'JsController',
  'plugin' => NULL,
)
Request URL: /Parkstone/js/prettify.js
Stack Trace:
#0 C:\wamp\www\Parkstone\app\webroot\index.php(108): Dispatcher->dispatch(Object(CakeRequest), Object(CakeResponse))
#1 {main}
2014-10-16 01:03:58 Error: [MissingControllerException] Controller class CssController could not be found.
Exception Attributes: array (
  'class' => 'CssController',
  'plugin' => NULL,
)
Request URL: /Parkstone/css/style.less.css
Stack Trace:
#0 C:\wamp\www\Parkstone\app\webroot\index.php(108): Dispatcher->dispatch(Object(CakeRequest), Object(CakeResponse))
#1 {main}
2014-10-16 01:03:58 Error: [MissingControllerException] Controller class JsController could not be found.
Exception Attributes: array (
  'class' => 'JsController',
  'plugin' => NULL,
)
Request URL: /Parkstone/js/jquery.bootstrap.wizard.js
Stack Trace:
#0 C:\wamp\www\Parkstone\app\webroot\index.php(108): Dispatcher->dispatch(Object(CakeRequest), Object(CakeResponse))
#1 {main}
2014-10-16 01:03:58 Error: [MissingControllerException] Controller class JsController could not be found.
Exception Attributes: array (
  'class' => 'JsController',
  'plugin' => NULL,
)
Request URL: /Parkstone/js/jquery.bootstrap.wizard.min.js
Stack Trace:
#0 C:\wamp\www\Parkstone\app\webroot\index.php(108): Dispatcher->dispatch(Object(CakeRequest), Object(CakeResponse))
#1 {main}
2014-10-16 01:03:58 Error: [MissingControllerException] Controller class JsController could not be found.
Exception Attributes: array (
  'class' => 'JsController',
  'plugin' => NULL,
)
Request URL: /Parkstone/js/prettify.js
Stack Trace:
#0 C:\wamp\www\Parkstone\app\webroot\index.php(108): Dispatcher->dispatch(Object(CakeRequest), Object(CakeResponse))
#1 {main}
2014-10-16 01:05:06 Error: [MissingControllerException] Controller class CssController could not be found.
Exception Attributes: array (
  'class' => 'CssController',
  'plugin' => NULL,
)
Request URL: /Parkstone/css/style.less.css
Stack Trace:
#0 C:\wamp\www\Parkstone\app\webroot\index.php(108): Dispatcher->dispatch(Object(CakeRequest), Object(CakeResponse))
#1 {main}
2014-10-16 01:05:06 Error: [MissingControllerException] Controller class JsController could not be found.
Exception Attributes: array (
  'class' => 'JsController',
  'plugin' => NULL,
)
Request URL: /Parkstone/js/prettify.js
Stack Trace:
#0 C:\wamp\www\Parkstone\app\webroot\index.php(108): Dispatcher->dispatch(Object(CakeRequest), Object(CakeResponse))
#1 {main}
2014-10-16 01:05:06 Error: [MissingControllerException] Controller class JsController could not be found.
Exception Attributes: array (
  'class' => 'JsController',
  'plugin' => NULL,
)
Request URL: /Parkstone/js/jquery.bootstrap.wizard.min.js
Stack Trace:
#0 C:\wamp\www\Parkstone\app\webroot\index.php(108): Dispatcher->dispatch(Object(CakeRequest), Object(CakeResponse))
#1 {main}
2014-10-16 01:05:06 Error: [MissingControllerException] Controller class JsController could not be found.
Exception Attributes: array (
  'class' => 'JsController',
  'plugin' => NULL,
)
Request URL: /Parkstone/js/jquery.bootstrap.wizard.js
Stack Trace:
#0 C:\wamp\www\Parkstone\app\webroot\index.php(108): Dispatcher->dispatch(Object(CakeRequest), Object(CakeResponse))
#1 {main}
2014-10-16 01:05:06 Error: [MissingControllerException] Controller class CssController could not be found.
Exception Attributes: array (
  'class' => 'CssController',
  'plugin' => NULL,
)
Request URL: /Parkstone/css/style.less.css
Stack Trace:
#0 C:\wamp\www\Parkstone\app\webroot\index.php(108): Dispatcher->dispatch(Object(CakeRequest), Object(CakeResponse))
#1 {main}
2014-10-16 01:05:07 Error: [MissingControllerException] Controller class JsController could not be found.
Exception Attributes: array (
  'class' => 'JsController',
  'plugin' => NULL,
)
Request URL: /Parkstone/js/jquery.bootstrap.wizard.js
Stack Trace:
#0 C:\wamp\www\Parkstone\app\webroot\index.php(108): Dispatcher->dispatch(Object(CakeRequest), Object(CakeResponse))
#1 {main}
2014-10-16 01:05:07 Error: [MissingControllerException] Controller class JsController could not be found.
Exception Attributes: array (
  'class' => 'JsController',
  'plugin' => NULL,
)
Request URL: /Parkstone/js/jquery.bootstrap.wizard.min.js
Stack Trace:
#0 C:\wamp\www\Parkstone\app\webroot\index.php(108): Dispatcher->dispatch(Object(CakeRequest), Object(CakeResponse))
#1 {main}
2014-10-16 01:05:07 Error: [MissingControllerException] Controller class JsController could not be found.
Exception Attributes: array (
  'class' => 'JsController',
  'plugin' => NULL,
)
Request URL: /Parkstone/js/prettify.js
Stack Trace:
#0 C:\wamp\www\Parkstone\app\webroot\index.php(108): Dispatcher->dispatch(Object(CakeRequest), Object(CakeResponse))
#1 {main}
2014-10-16 01:06:12 Error: [MissingControllerException] Controller class CssController could not be found.
Exception Attributes: array (
  'class' => 'CssController',
  'plugin' => NULL,
)
Request URL: /Parkstone/css/style.less.css
Stack Trace:
#0 C:\wamp\www\Parkstone\app\webroot\index.php(108): Dispatcher->dispatch(Object(CakeRequest), Object(CakeResponse))
#1 {main}
2014-10-16 01:06:12 Error: [MissingControllerException] Controller class JsController could not be found.
Exception Attributes: array (
  'class' => 'JsController',
  'plugin' => NULL,
)
Request URL: /Parkstone/js/jquery.bootstrap.wizard.js
Stack Trace:
#0 C:\wamp\www\Parkstone\app\webroot\index.php(108): Dispatcher->dispatch(Object(CakeRequest), Object(CakeResponse))
#1 {main}
2014-10-16 01:06:12 Error: [MissingControllerException] Controller class JsController could not be found.
Exception Attributes: array (
  'class' => 'JsController',
  'plugin' => NULL,
)
Request URL: /Parkstone/js/prettify.js
Stack Trace:
#0 C:\wamp\www\Parkstone\app\webroot\index.php(108): Dispatcher->dispatch(Object(CakeRequest), Object(CakeResponse))
#1 {main}
2014-10-16 01:06:12 Error: [MissingControllerException] Controller class JsController could not be found.
Exception Attributes: array (
  'class' => 'JsController',
  'plugin' => NULL,
)
Request URL: /Parkstone/js/jquery.bootstrap.wizard.min.js
Stack Trace:
#0 C:\wamp\www\Parkstone\app\webroot\index.php(108): Dispatcher->dispatch(Object(CakeRequest), Object(CakeResponse))
#1 {main}
2014-10-16 01:06:12 Error: [MissingControllerException] Controller class CssController could not be found.
Exception Attributes: array (
  'class' => 'CssController',
  'plugin' => NULL,
)
Request URL: /Parkstone/css/style.less.css
Stack Trace:
#0 C:\wamp\www\Parkstone\app\webroot\index.php(108): Dispatcher->dispatch(Object(CakeRequest), Object(CakeResponse))
#1 {main}
2014-10-16 01:06:13 Error: [MissingControllerException] Controller class JsController could not be found.
Exception Attributes: array (
  'class' => 'JsController',
  'plugin' => NULL,
)
Request URL: /Parkstone/js/jquery.bootstrap.wizard.js
Stack Trace:
#0 C:\wamp\www\Parkstone\app\webroot\index.php(108): Dispatcher->dispatch(Object(CakeRequest), Object(CakeResponse))
#1 {main}
2014-10-16 01:06:13 Error: [MissingControllerException] Controller class JsController could not be found.
Exception Attributes: array (
  'class' => 'JsController',
  'plugin' => NULL,
)
Request URL: /Parkstone/js/jquery.bootstrap.wizard.min.js
Stack Trace:
#0 C:\wamp\www\Parkstone\app\webroot\index.php(108): Dispatcher->dispatch(Object(CakeRequest), Object(CakeResponse))
#1 {main}
2014-10-16 01:06:13 Error: [MissingControllerException] Controller class JsController could not be found.
Exception Attributes: array (
  'class' => 'JsController',
  'plugin' => NULL,
)
Request URL: /Parkstone/js/prettify.js
Stack Trace:
#0 C:\wamp\www\Parkstone\app\webroot\index.php(108): Dispatcher->dispatch(Object(CakeRequest), Object(CakeResponse))
#1 {main}
2014-10-16 01:09:31 Error: [MissingControllerException] Controller class CssController could not be found.
Exception Attributes: array (
  'class' => 'CssController',
  'plugin' => NULL,
)
Request URL: /Parkstone/css/style.less.css
Stack Trace:
#0 C:\wamp\www\Parkstone\app\webroot\index.php(108): Dispatcher->dispatch(Object(CakeRequest), Object(CakeResponse))
#1 {main}
2014-10-16 01:09:32 Error: [MissingControllerException] Controller class JsController could not be found.
Exception Attributes: array (
  'class' => 'JsController',
  'plugin' => NULL,
)
Request URL: /Parkstone/js/jquery.bootstrap.wizard.min.js
Stack Trace:
#0 C:\wamp\www\Parkstone\app\webroot\index.php(108): Dispatcher->dispatch(Object(CakeRequest), Object(CakeResponse))
#1 {main}
2014-10-16 01:09:32 Error: [MissingControllerException] Controller class JsController could not be found.
Exception Attributes: array (
  'class' => 'JsController',
  'plugin' => NULL,
)
Request URL: /Parkstone/js/jquery.bootstrap.wizard.js
Stack Trace:
#0 C:\wamp\www\Parkstone\app\webroot\index.php(108): Dispatcher->dispatch(Object(CakeRequest), Object(CakeResponse))
#1 {main}
2014-10-16 01:09:32 Error: [MissingControllerException] Controller class JsController could not be found.
Exception Attributes: array (
  'class' => 'JsController',
  'plugin' => NULL,
)
Request URL: /Parkstone/js/prettify.js
Stack Trace:
#0 C:\wamp\www\Parkstone\app\webroot\index.php(108): Dispatcher->dispatch(Object(CakeRequest), Object(CakeResponse))
#1 {main}
2014-10-16 01:09:32 Error: [MissingControllerException] Controller class CssController could not be found.
Exception Attributes: array (
  'class' => 'CssController',
  'plugin' => NULL,
)
Request URL: /Parkstone/css/style.less.css
Stack Trace:
#0 C:\wamp\www\Parkstone\app\webroot\index.php(108): Dispatcher->dispatch(Object(CakeRequest), Object(CakeResponse))
#1 {main}
2014-10-16 01:09:32 Error: [MissingControllerException] Controller class JsController could not be found.
Exception Attributes: array (
  'class' => 'JsController',
  'plugin' => NULL,
)
Request URL: /Parkstone/js/jquery.bootstrap.wizard.js
Stack Trace:
#0 C:\wamp\www\Parkstone\app\webroot\index.php(108): Dispatcher->dispatch(Object(CakeRequest), Object(CakeResponse))
#1 {main}
2014-10-16 01:09:33 Error: [MissingControllerException] Controller class JsController could not be found.
Exception Attributes: array (
  'class' => 'JsController',
  'plugin' => NULL,
)
Request URL: /Parkstone/js/jquery.bootstrap.wizard.min.js
Stack Trace:
#0 C:\wamp\www\Parkstone\app\webroot\index.php(108): Dispatcher->dispatch(Object(CakeRequest), Object(CakeResponse))
#1 {main}
2014-10-16 01:09:33 Error: [MissingControllerException] Controller class JsController could not be found.
Exception Attributes: array (
  'class' => 'JsController',
  'plugin' => NULL,
)
Request URL: /Parkstone/js/prettify.js
Stack Trace:
#0 C:\wamp\www\Parkstone\app\webroot\index.php(108): Dispatcher->dispatch(Object(CakeRequest), Object(CakeResponse))
#1 {main}
2014-10-16 01:10:39 Error: [MissingControllerException] Controller class CssController could not be found.
Exception Attributes: array (
  'class' => 'CssController',
  'plugin' => NULL,
)
Request URL: /Parkstone/css/style.less.css
Stack Trace:
#0 C:\wamp\www\Parkstone\app\webroot\index.php(108): Dispatcher->dispatch(Object(CakeRequest), Object(CakeResponse))
#1 {main}
2014-10-16 01:10:44 Error: [MissingControllerException] Controller class CssController could not be found.
Exception Attributes: array (
  'class' => 'CssController',
  'plugin' => NULL,
)
Request URL: /Parkstone/css/style.less.css
Stack Trace:
#0 C:\wamp\www\Parkstone\app\webroot\index.php(108): Dispatcher->dispatch(Object(CakeRequest), Object(CakeResponse))
#1 {main}
2014-10-16 01:10:44 Error: [MissingControllerException] Controller class JsController could not be found.
Exception Attributes: array (
  'class' => 'JsController',
  'plugin' => NULL,
)
Request URL: /Parkstone/js/jquery.bootstrap.wizard.min.js
Stack Trace:
#0 C:\wamp\www\Parkstone\app\webroot\index.php(108): Dispatcher->dispatch(Object(CakeRequest), Object(CakeResponse))
#1 {main}
2014-10-16 01:10:44 Error: [MissingControllerException] Controller class JsController could not be found.
Exception Attributes: array (
  'class' => 'JsController',
  'plugin' => NULL,
)
Request URL: /Parkstone/js/jquery.bootstrap.wizard.js
Stack Trace:
#0 C:\wamp\www\Parkstone\app\webroot\index.php(108): Dispatcher->dispatch(Object(CakeRequest), Object(CakeResponse))
#1 {main}
2014-10-16 01:10:44 Error: [MissingControllerException] Controller class JsController could not be found.
Exception Attributes: array (
  'class' => 'JsController',
  'plugin' => NULL,
)
Request URL: /Parkstone/js/prettify.js
Stack Trace:
#0 C:\wamp\www\Parkstone\app\webroot\index.php(108): Dispatcher->dispatch(Object(CakeRequest), Object(CakeResponse))
#1 {main}
2014-10-16 01:10:44 Error: [MissingControllerException] Controller class JsController could not be found.
Exception Attributes: array (
  'class' => 'JsController',
  'plugin' => NULL,
)
Request URL: /Parkstone/js/jquery.bootstrap.wizard.min.js
Stack Trace:
#0 C:\wamp\www\Parkstone\app\webroot\index.php(108): Dispatcher->dispatch(Object(CakeRequest), Object(CakeResponse))
#1 {main}
2014-10-16 01:10:45 Error: [MissingControllerException] Controller class JsController could not be found.
Exception Attributes: array (
  'class' => 'JsController',
  'plugin' => NULL,
)
Request URL: /Parkstone/js/prettify.js
Stack Trace:
#0 C:\wamp\www\Parkstone\app\webroot\index.php(108): Dispatcher->dispatch(Object(CakeRequest), Object(CakeResponse))
#1 {main}
2014-10-16 01:13:34 Error: [MissingControllerException] Controller class CssController could not be found.
Exception Attributes: array (
  'class' => 'CssController',
  'plugin' => NULL,
)
Request URL: /Parkstone/css/style.less.css
Stack Trace:
#0 C:\wamp\www\Parkstone\app\webroot\index.php(108): Dispatcher->dispatch(Object(CakeRequest), Object(CakeResponse))
#1 {main}
2014-10-16 01:13:34 Error: [MissingControllerException] Controller class JsController could not be found.
Exception Attributes: array (
  'class' => 'JsController',
  'plugin' => NULL,
)
Request URL: /Parkstone/js/jquery.bootstrap.wizard.js
Stack Trace:
#0 C:\wamp\www\Parkstone\app\webroot\index.php(108): Dispatcher->dispatch(Object(CakeRequest), Object(CakeResponse))
#1 {main}
2014-10-16 01:13:34 Error: [MissingControllerException] Controller class JsController could not be found.
Exception Attributes: array (
  'class' => 'JsController',
  'plugin' => NULL,
)
Request URL: /Parkstone/js/prettify.js
Stack Trace:
#0 C:\wamp\www\Parkstone\app\webroot\index.php(108): Dispatcher->dispatch(Object(CakeRequest), Object(CakeResponse))
#1 {main}
2014-10-16 01:13:34 Error: [MissingControllerException] Controller class JsController could not be found.
Exception Attributes: array (
  'class' => 'JsController',
  'plugin' => NULL,
)
Request URL: /Parkstone/js/jquery.bootstrap.wizard.min.js
Stack Trace:
#0 C:\wamp\www\Parkstone\app\webroot\index.php(108): Dispatcher->dispatch(Object(CakeRequest), Object(CakeResponse))
#1 {main}
2014-10-16 01:13:35 Error: [MissingControllerException] Controller class CssController could not be found.
Exception Attributes: array (
  'class' => 'CssController',
  'plugin' => NULL,
)
Request URL: /Parkstone/css/style.less.css
Stack Trace:
#0 C:\wamp\www\Parkstone\app\webroot\index.php(108): Dispatcher->dispatch(Object(CakeRequest), Object(CakeResponse))
#1 {main}
2014-10-16 01:13:35 Error: [MissingControllerException] Controller class JsController could not be found.
Exception Attributes: array (
  'class' => 'JsController',
  'plugin' => NULL,
)
Request URL: /Parkstone/js/jquery.bootstrap.wizard.js
Stack Trace:
#0 C:\wamp\www\Parkstone\app\webroot\index.php(108): Dispatcher->dispatch(Object(CakeRequest), Object(CakeResponse))
#1 {main}
2014-10-16 01:13:35 Error: [MissingControllerException] Controller class JsController could not be found.
Exception Attributes: array (
  'class' => 'JsController',
  'plugin' => NULL,
)
Request URL: /Parkstone/js/jquery.bootstrap.wizard.min.js
Stack Trace:
#0 C:\wamp\www\Parkstone\app\webroot\index.php(108): Dispatcher->dispatch(Object(CakeRequest), Object(CakeResponse))
#1 {main}
2014-10-16 01:13:36 Error: [MissingControllerException] Controller class JsController could not be found.
Exception Attributes: array (
  'class' => 'JsController',
  'plugin' => NULL,
)
Request URL: /Parkstone/js/prettify.js
Stack Trace:
#0 C:\wamp\www\Parkstone\app\webroot\index.php(108): Dispatcher->dispatch(Object(CakeRequest), Object(CakeResponse))
#1 {main}
2014-10-16 01:14:56 Error: [MissingControllerException] Controller class CssController could not be found.
Exception Attributes: array (
  'class' => 'CssController',
  'plugin' => NULL,
)
Request URL: /Parkstone/css/style.less.css
Stack Trace:
#0 C:\wamp\www\Parkstone\app\webroot\index.php(108): Dispatcher->dispatch(Object(CakeRequest), Object(CakeResponse))
#1 {main}
2014-10-16 01:14:56 Error: [MissingControllerException] Controller class JsController could not be found.
Exception Attributes: array (
  'class' => 'JsController',
  'plugin' => NULL,
)
Request URL: /Parkstone/js/jquery.bootstrap.wizard.js
Stack Trace:
#0 C:\wamp\www\Parkstone\app\webroot\index.php(108): Dispatcher->dispatch(Object(CakeRequest), Object(CakeResponse))
#1 {main}
2014-10-16 01:14:56 Error: [MissingControllerException] Controller class JsController could not be found.
Exception Attributes: array (
  'class' => 'JsController',
  'plugin' => NULL,
)
Request URL: /Parkstone/js/prettify.js
Stack Trace:
#0 C:\wamp\www\Parkstone\app\webroot\index.php(108): Dispatcher->dispatch(Object(CakeRequest), Object(CakeResponse))
#1 {main}
2014-10-16 01:14:56 Error: [MissingControllerException] Controller class JsController could not be found.
Exception Attributes: array (
  'class' => 'JsController',
  'plugin' => NULL,
)
Request URL: /Parkstone/js/jquery.bootstrap.wizard.min.js
Stack Trace:
#0 C:\wamp\www\Parkstone\app\webroot\index.php(108): Dispatcher->dispatch(Object(CakeRequest), Object(CakeResponse))
#1 {main}
2014-10-16 01:14:56 Error: [MissingControllerException] Controller class CssController could not be found.
Exception Attributes: array (
  'class' => 'CssController',
  'plugin' => NULL,
)
Request URL: /Parkstone/css/style.less.css
Stack Trace:
#0 C:\wamp\www\Parkstone\app\webroot\index.php(108): Dispatcher->dispatch(Object(CakeRequest), Object(CakeResponse))
#1 {main}
2014-10-16 01:14:56 Error: [MissingControllerException] Controller class JsController could not be found.
Exception Attributes: array (
  'class' => 'JsController',
  'plugin' => NULL,
)
Request URL: /Parkstone/js/jquery.bootstrap.wizard.js
Stack Trace:
#0 C:\wamp\www\Parkstone\app\webroot\index.php(108): Dispatcher->dispatch(Object(CakeRequest), Object(CakeResponse))
#1 {main}
2014-10-16 01:14:57 Error: [MissingControllerException] Controller class JsController could not be found.
Exception Attributes: array (
  'class' => 'JsController',
  'plugin' => NULL,
)
Request URL: /Parkstone/js/jquery.bootstrap.wizard.min.js
Stack Trace:
#0 C:\wamp\www\Parkstone\app\webroot\index.php(108): Dispatcher->dispatch(Object(CakeRequest), Object(CakeResponse))
#1 {main}
2014-10-16 01:14:57 Error: [MissingControllerException] Controller class JsController could not be found.
Exception Attributes: array (
  'class' => 'JsController',
  'plugin' => NULL,
)
Request URL: /Parkstone/js/prettify.js
Stack Trace:
#0 C:\wamp\www\Parkstone\app\webroot\index.php(108): Dispatcher->dispatch(Object(CakeRequest), Object(CakeResponse))
#1 {main}
2014-10-16 01:20:33 Error: [MissingControllerException] Controller class CssController could not be found.
Exception Attributes: array (
  'class' => 'CssController',
  'plugin' => NULL,
)
Request URL: /Parkstone/css/style.less.css
Stack Trace:
#0 C:\wamp\www\Parkstone\app\webroot\index.php(108): Dispatcher->dispatch(Object(CakeRequest), Object(CakeResponse))
#1 {main}
2014-10-16 01:20:40 Error: [MissingControllerException] Controller class CssController could not be found.
Exception Attributes: array (
  'class' => 'CssController',
  'plugin' => NULL,
)
Request URL: /Parkstone/css/style.less.css
Stack Trace:
#0 C:\wamp\www\Parkstone\app\webroot\index.php(108): Dispatcher->dispatch(Object(CakeRequest), Object(CakeResponse))
#1 {main}
2014-10-16 01:20:40 Error: [MissingControllerException] Controller class JsController could not be found.
Exception Attributes: array (
  'class' => 'JsController',
  'plugin' => NULL,
)
Request URL: /Parkstone/js/jquery.bootstrap.wizard.js
Stack Trace:
#0 C:\wamp\www\Parkstone\app\webroot\index.php(108): Dispatcher->dispatch(Object(CakeRequest), Object(CakeResponse))
#1 {main}
2014-10-16 01:20:40 Error: [MissingControllerException] Controller class JsController could not be found.
Exception Attributes: array (
  'class' => 'JsController',
  'plugin' => NULL,
)
Request URL: /Parkstone/js/jquery.bootstrap.wizard.min.js
Stack Trace:
#0 C:\wamp\www\Parkstone\app\webroot\index.php(108): Dispatcher->dispatch(Object(CakeRequest), Object(CakeResponse))
#1 {main}
2014-10-16 01:20:40 Error: [MissingControllerException] Controller class JsController could not be found.
Exception Attributes: array (
  'class' => 'JsController',
  'plugin' => NULL,
)
Request URL: /Parkstone/js/prettify.js
Stack Trace:
#0 C:\wamp\www\Parkstone\app\webroot\index.php(108): Dispatcher->dispatch(Object(CakeRequest), Object(CakeResponse))
#1 {main}
2014-10-16 01:22:35 Error: [MissingControllerException] Controller class CssController could not be found.
Exception Attributes: array (
  'class' => 'CssController',
  'plugin' => NULL,
)
Request URL: /Parkstone/css/style.less.css
Stack Trace:
#0 C:\wamp\www\Parkstone\app\webroot\index.php(108): Dispatcher->dispatch(Object(CakeRequest), Object(CakeResponse))
#1 {main}
2014-10-16 01:22:35 Error: [MissingControllerException] Controller class JsController could not be found.
Exception Attributes: array (
  'class' => 'JsController',
  'plugin' => NULL,
)
Request URL: /Parkstone/js/jquery.bootstrap.wizard.js
Stack Trace:
#0 C:\wamp\www\Parkstone\app\webroot\index.php(108): Dispatcher->dispatch(Object(CakeRequest), Object(CakeResponse))
#1 {main}
2014-10-16 01:22:35 Error: [MissingControllerException] Controller class JsController could not be found.
Exception Attributes: array (
  'class' => 'JsController',
  'plugin' => NULL,
)
Request URL: /Parkstone/js/jquery.bootstrap.wizard.min.js
Stack Trace:
#0 C:\wamp\www\Parkstone\app\webroot\index.php(108): Dispatcher->dispatch(Object(CakeRequest), Object(CakeResponse))
#1 {main}
2014-10-16 01:22:35 Error: [MissingControllerException] Controller class JsController could not be found.
Exception Attributes: array (
  'class' => 'JsController',
  'plugin' => NULL,
)
Request URL: /Parkstone/js/prettify.js
Stack Trace:
#0 C:\wamp\www\Parkstone\app\webroot\index.php(108): Dispatcher->dispatch(Object(CakeRequest), Object(CakeResponse))
#1 {main}
2014-10-16 01:22:35 Error: [MissingControllerException] Controller class CssController could not be found.
Exception Attributes: array (
  'class' => 'CssController',
  'plugin' => NULL,
)
Request URL: /Parkstone/css/style.less.css
Stack Trace:
#0 C:\wamp\www\Parkstone\app\webroot\index.php(108): Dispatcher->dispatch(Object(CakeRequest), Object(CakeResponse))
#1 {main}
2014-10-16 01:22:35 Error: [MissingControllerException] Controller class JsController could not be found.
Exception Attributes: array (
  'class' => 'JsController',
  'plugin' => NULL,
)
Request URL: /Parkstone/js/jquery.bootstrap.wizard.js
Stack Trace:
#0 C:\wamp\www\Parkstone\app\webroot\index.php(108): Dispatcher->dispatch(Object(CakeRequest), Object(CakeResponse))
#1 {main}
2014-10-16 01:22:35 Error: [MissingControllerException] Controller class JsController could not be found.
Exception Attributes: array (
  'class' => 'JsController',
  'plugin' => NULL,
)
Request URL: /Parkstone/js/jquery.bootstrap.wizard.min.js
Stack Trace:
#0 C:\wamp\www\Parkstone\app\webroot\index.php(108): Dispatcher->dispatch(Object(CakeRequest), Object(CakeResponse))
#1 {main}
2014-10-16 01:22:35 Error: [MissingControllerException] Controller class JsController could not be found.
Exception Attributes: array (
  'class' => 'JsController',
  'plugin' => NULL,
)
Request URL: /Parkstone/js/prettify.js
Stack Trace:
#0 C:\wamp\www\Parkstone\app\webroot\index.php(108): Dispatcher->dispatch(Object(CakeRequest), Object(CakeResponse))
#1 {main}
2014-10-16 01:22:48 Error: [MissingControllerException] Controller class CssController could not be found.
Exception Attributes: array (
  'class' => 'CssController',
  'plugin' => NULL,
)
Request URL: /Parkstone/css/style.less.css
Stack Trace:
#0 C:\wamp\www\Parkstone\app\webroot\index.php(108): Dispatcher->dispatch(Object(CakeRequest), Object(CakeResponse))
#1 {main}
2014-10-16 01:22:53 Error: [MissingControllerException] Controller class CssController could not be found.
Exception Attributes: array (
  'class' => 'CssController',
  'plugin' => NULL,
)
Request URL: /Parkstone/css/style.less.css
Stack Trace:
#0 C:\wamp\www\Parkstone\app\webroot\index.php(108): Dispatcher->dispatch(Object(CakeRequest), Object(CakeResponse))
#1 {main}
2014-10-16 01:22:53 Error: [MissingControllerException] Controller class JsController could not be found.
Exception Attributes: array (
  'class' => 'JsController',
  'plugin' => NULL,
)
Request URL: /Parkstone/js/prettify.js
Stack Trace:
#0 C:\wamp\www\Parkstone\app\webroot\index.php(108): Dispatcher->dispatch(Object(CakeRequest), Object(CakeResponse))
#1 {main}
2014-10-16 01:22:53 Error: [MissingControllerException] Controller class JsController could not be found.
Exception Attributes: array (
  'class' => 'JsController',
  'plugin' => NULL,
)
Request URL: /Parkstone/js/jquery.bootstrap.wizard.min.js
Stack Trace:
#0 C:\wamp\www\Parkstone\app\webroot\index.php(108): Dispatcher->dispatch(Object(CakeRequest), Object(CakeResponse))
#1 {main}
2014-10-16 01:22:53 Error: [MissingControllerException] Controller class JsController could not be found.
Exception Attributes: array (
  'class' => 'JsController',
  'plugin' => NULL,
)
Request URL: /Parkstone/js/jquery.bootstrap.wizard.js
Stack Trace:
#0 C:\wamp\www\Parkstone\app\webroot\index.php(108): Dispatcher->dispatch(Object(CakeRequest), Object(CakeResponse))
#1 {main}
2014-10-16 01:22:53 Error: [MissingControllerException] Controller class JsController could not be found.
Exception Attributes: array (
  'class' => 'JsController',
  'plugin' => NULL,
)
Request URL: /Parkstone/js/jquery.bootstrap.wizard.min.js
Stack Trace:
#0 C:\wamp\www\Parkstone\app\webroot\index.php(108): Dispatcher->dispatch(Object(CakeRequest), Object(CakeResponse))
#1 {main}
2014-10-16 01:22:53 Error: [MissingControllerException] Controller class JsController could not be found.
Exception Attributes: array (
  'class' => 'JsController',
  'plugin' => NULL,
)
Request URL: /Parkstone/js/prettify.js
Stack Trace:
#0 C:\wamp\www\Parkstone\app\webroot\index.php(108): Dispatcher->dispatch(Object(CakeRequest), Object(CakeResponse))
#1 {main}
2014-10-16 01:30:40 Error: [MissingControllerException] Controller class CssController could not be found.
Exception Attributes: array (
  'class' => 'CssController',
  'plugin' => NULL,
)
Request URL: /Parkstone/css/style.less.css
Stack Trace:
#0 C:\wamp\www\Parkstone\app\webroot\index.php(108): Dispatcher->dispatch(Object(CakeRequest), Object(CakeResponse))
#1 {main}
2014-10-16 01:30:45 Error: [MissingControllerException] Controller class CssController could not be found.
Exception Attributes: array (
  'class' => 'CssController',
  'plugin' => NULL,
)
Request URL: /Parkstone/css/style.less.css
Stack Trace:
#0 C:\wamp\www\Parkstone\app\webroot\index.php(108): Dispatcher->dispatch(Object(CakeRequest), Object(CakeResponse))
#1 {main}
2014-10-16 01:30:45 Error: [MissingControllerException] Controller class JsController could not be found.
Exception Attributes: array (
  'class' => 'JsController',
  'plugin' => NULL,
)
Request URL: /Parkstone/js/prettify.js
Stack Trace:
#0 C:\wamp\www\Parkstone\app\webroot\index.php(108): Dispatcher->dispatch(Object(CakeRequest), Object(CakeResponse))
#1 {main}
2014-10-16 01:30:45 Error: [MissingControllerException] Controller class JsController could not be found.
Exception Attributes: array (
  'class' => 'JsController',
  'plugin' => NULL,
)
Request URL: /Parkstone/js/jquery.bootstrap.wizard.min.js
Stack Trace:
#0 C:\wamp\www\Parkstone\app\webroot\index.php(108): Dispatcher->dispatch(Object(CakeRequest), Object(CakeResponse))
#1 {main}
2014-10-16 01:30:45 Error: [MissingControllerException] Controller class JsController could not be found.
Exception Attributes: array (
  'class' => 'JsController',
  'plugin' => NULL,
)
Request URL: /Parkstone/js/jquery.bootstrap.wizard.js
Stack Trace:
#0 C:\wamp\www\Parkstone\app\webroot\index.php(108): Dispatcher->dispatch(Object(CakeRequest), Object(CakeResponse))
#1 {main}
2014-10-16 01:30:45 Error: [MissingControllerException] Controller class JsController could not be found.
Exception Attributes: array (
  'class' => 'JsController',
  'plugin' => NULL,
)
Request URL: /Parkstone/js/jquery.bootstrap.wizard.min.js
Stack Trace:
#0 C:\wamp\www\Parkstone\app\webroot\index.php(108): Dispatcher->dispatch(Object(CakeRequest), Object(CakeResponse))
#1 {main}
2014-10-16 01:30:45 Error: [MissingControllerException] Controller class JsController could not be found.
Exception Attributes: array (
  'class' => 'JsController',
  'plugin' => NULL,
)
Request URL: /Parkstone/js/prettify.js
Stack Trace:
#0 C:\wamp\www\Parkstone\app\webroot\index.php(108): Dispatcher->dispatch(Object(CakeRequest), Object(CakeResponse))
#1 {main}
2014-10-16 01:30:50 Error: [MissingControllerException] Controller class CssController could not be found.
Exception Attributes: array (
  'class' => 'CssController',
  'plugin' => NULL,
)
Request URL: /Parkstone/css/style.less.css
Stack Trace:
#0 C:\wamp\www\Parkstone\app\webroot\index.php(108): Dispatcher->dispatch(Object(CakeRequest), Object(CakeResponse))
#1 {main}
2014-10-16 01:30:55 Error: [MissingControllerException] Controller class CssController could not be found.
Exception Attributes: array (
  'class' => 'CssController',
  'plugin' => NULL,
)
Request URL: /Parkstone/css/style.less.css
Stack Trace:
#0 C:\wamp\www\Parkstone\app\webroot\index.php(108): Dispatcher->dispatch(Object(CakeRequest), Object(CakeResponse))
#1 {main}
2014-10-16 01:30:55 Error: [MissingControllerException] Controller class JsController could not be found.
Exception Attributes: array (
  'class' => 'JsController',
  'plugin' => NULL,
)
Request URL: /Parkstone/js/jquery.bootstrap.wizard.min.js
Stack Trace:
#0 C:\wamp\www\Parkstone\app\webroot\index.php(108): Dispatcher->dispatch(Object(CakeRequest), Object(CakeResponse))
#1 {main}
2014-10-16 01:30:55 Error: [MissingControllerException] Controller class JsController could not be found.
Exception Attributes: array (
  'class' => 'JsController',
  'plugin' => NULL,
)
Request URL: /Parkstone/js/jquery.bootstrap.wizard.js
Stack Trace:
#0 C:\wamp\www\Parkstone\app\webroot\index.php(108): Dispatcher->dispatch(Object(CakeRequest), Object(CakeResponse))
#1 {main}
2014-10-16 01:30:55 Error: [MissingControllerException] Controller class JsController could not be found.
Exception Attributes: array (
  'class' => 'JsController',
  'plugin' => NULL,
)
Request URL: /Parkstone/js/prettify.js
Stack Trace:
#0 C:\wamp\www\Parkstone\app\webroot\index.php(108): Dispatcher->dispatch(Object(CakeRequest), Object(CakeResponse))
#1 {main}
2014-10-16 01:30:55 Error: [MissingControllerException] Controller class JsController could not be found.
Exception Attributes: array (
  'class' => 'JsController',
  'plugin' => NULL,
)
Request URL: /Parkstone/js/jquery.bootstrap.wizard.min.js
Stack Trace:
#0 C:\wamp\www\Parkstone\app\webroot\index.php(108): Dispatcher->dispatch(Object(CakeRequest), Object(CakeResponse))
#1 {main}
2014-10-16 01:30:55 Error: [MissingControllerException] Controller class JsController could not be found.
Exception Attributes: array (
  'class' => 'JsController',
  'plugin' => NULL,
)
Request URL: /Parkstone/js/prettify.js
Stack Trace:
#0 C:\wamp\www\Parkstone\app\webroot\index.php(108): Dispatcher->dispatch(Object(CakeRequest), Object(CakeResponse))
#1 {main}
2014-10-16 01:32:33 Error: [MissingControllerException] Controller class CssController could not be found.
Exception Attributes: array (
  'class' => 'CssController',
  'plugin' => NULL,
)
Request URL: /Parkstone/css/style.less.css
Stack Trace:
#0 C:\wamp\www\Parkstone\app\webroot\index.php(108): Dispatcher->dispatch(Object(CakeRequest), Object(CakeResponse))
#1 {main}
2014-10-16 01:32:33 Error: [MissingControllerException] Controller class JsController could not be found.
Exception Attributes: array (
  'class' => 'JsController',
  'plugin' => NULL,
)
Request URL: /Parkstone/js/jquery.bootstrap.wizard.js
Stack Trace:
#0 C:\wamp\www\Parkstone\app\webroot\index.php(108): Dispatcher->dispatch(Object(CakeRequest), Object(CakeResponse))
#1 {main}
2014-10-16 01:32:33 Error: [MissingControllerException] Controller class JsController could not be found.
Exception Attributes: array (
  'class' => 'JsController',
  'plugin' => NULL,
)
Request URL: /Parkstone/js/jquery.bootstrap.wizard.min.js
Stack Trace:
#0 C:\wamp\www\Parkstone\app\webroot\index.php(108): Dispatcher->dispatch(Object(CakeRequest), Object(CakeResponse))
#1 {main}
2014-10-16 01:32:33 Error: [MissingControllerException] Controller class JsController could not be found.
Exception Attributes: array (
  'class' => 'JsController',
  'plugin' => NULL,
)
Request URL: /Parkstone/js/prettify.js
Stack Trace:
#0 C:\wamp\www\Parkstone\app\webroot\index.php(108): Dispatcher->dispatch(Object(CakeRequest), Object(CakeResponse))
#1 {main}
2014-10-16 01:32:33 Error: [MissingControllerException] Controller class CssController could not be found.
Exception Attributes: array (
  'class' => 'CssController',
  'plugin' => NULL,
)
Request URL: /Parkstone/css/style.less.css
Stack Trace:
#0 C:\wamp\www\Parkstone\app\webroot\index.php(108): Dispatcher->dispatch(Object(CakeRequest), Object(CakeResponse))
#1 {main}
2014-10-16 01:32:33 Error: [MissingControllerException] Controller class JsController could not be found.
Exception Attributes: array (
  'class' => 'JsController',
  'plugin' => NULL,
)
Request URL: /Parkstone/js/jquery.bootstrap.wizard.js
Stack Trace:
#0 C:\wamp\www\Parkstone\app\webroot\index.php(108): Dispatcher->dispatch(Object(CakeRequest), Object(CakeResponse))
#1 {main}
2014-10-16 01:32:33 Error: [MissingControllerException] Controller class JsController could not be found.
Exception Attributes: array (
  'class' => 'JsController',
  'plugin' => NULL,
)
Request URL: /Parkstone/js/jquery.bootstrap.wizard.min.js
Stack Trace:
#0 C:\wamp\www\Parkstone\app\webroot\index.php(108): Dispatcher->dispatch(Object(CakeRequest), Object(CakeResponse))
#1 {main}
2014-10-16 01:32:34 Error: [MissingControllerException] Controller class JsController could not be found.
Exception Attributes: array (
  'class' => 'JsController',
  'plugin' => NULL,
)
Request URL: /Parkstone/js/prettify.js
Stack Trace:
#0 C:\wamp\www\Parkstone\app\webroot\index.php(108): Dispatcher->dispatch(Object(CakeRequest), Object(CakeResponse))
#1 {main}
2014-10-16 01:33:50 Error: [MissingControllerException] Controller class CssController could not be found.
Exception Attributes: array (
  'class' => 'CssController',
  'plugin' => NULL,
)
Request URL: /Parkstone/css/style.less.css
Stack Trace:
#0 C:\wamp\www\Parkstone\app\webroot\index.php(108): Dispatcher->dispatch(Object(CakeRequest), Object(CakeResponse))
#1 {main}
2014-10-16 01:33:54 Error: [MissingControllerException] Controller class CssController could not be found.
Exception Attributes: array (
  'class' => 'CssController',
  'plugin' => NULL,
)
Request URL: /Parkstone/css/style.less.css
Stack Trace:
#0 C:\wamp\www\Parkstone\app\webroot\index.php(108): Dispatcher->dispatch(Object(CakeRequest), Object(CakeResponse))
#1 {main}
2014-10-16 01:33:59 Error: [MissingControllerException] Controller class CssController could not be found.
Exception Attributes: array (
  'class' => 'CssController',
  'plugin' => NULL,
)
Request URL: /Parkstone/css/style.less.css
Stack Trace:
#0 C:\wamp\www\Parkstone\app\webroot\index.php(108): Dispatcher->dispatch(Object(CakeRequest), Object(CakeResponse))
#1 {main}
2014-10-16 01:34:02 Error: [MissingControllerException] Controller class CssController could not be found.
Exception Attributes: array (
  'class' => 'CssController',
  'plugin' => NULL,
)
Request URL: /Parkstone/css/style.less.css
Stack Trace:
#0 C:\wamp\www\Parkstone\app\webroot\index.php(108): Dispatcher->dispatch(Object(CakeRequest), Object(CakeResponse))
#1 {main}
2014-10-16 01:38:07 Error: [MissingControllerException] Controller class CssController could not be found.
Exception Attributes: array (
  'class' => 'CssController',
  'plugin' => NULL,
)
Request URL: /Parkstone/css/style.less.css
Stack Trace:
#0 C:\wamp\www\Parkstone\app\webroot\index.php(108): Dispatcher->dispatch(Object(CakeRequest), Object(CakeResponse))
#1 {main}
2014-10-16 01:38:08 Error: [MissingControllerException] Controller class CssController could not be found.
Exception Attributes: array (
  'class' => 'CssController',
  'plugin' => NULL,
)
Request URL: /Parkstone/css/style.less.css
Stack Trace:
#0 C:\wamp\www\Parkstone\app\webroot\index.php(108): Dispatcher->dispatch(Object(CakeRequest), Object(CakeResponse))
#1 {main}
2014-10-16 01:40:32 Error: [MissingControllerException] Controller class CssController could not be found.
Exception Attributes: array (
  'class' => 'CssController',
  'plugin' => NULL,
)
Request URL: /Parkstone/css/style.less.css
Stack Trace:
#0 C:\wamp\www\Parkstone\app\webroot\index.php(108): Dispatcher->dispatch(Object(CakeRequest), Object(CakeResponse))
#1 {main}
2014-10-16 01:40:33 Error: [MissingControllerException] Controller class CssController could not be found.
Exception Attributes: array (
  'class' => 'CssController',
  'plugin' => NULL,
)
Request URL: /Parkstone/css/style.less.css
Stack Trace:
#0 C:\wamp\www\Parkstone\app\webroot\index.php(108): Dispatcher->dispatch(Object(CakeRequest), Object(CakeResponse))
#1 {main}
2014-10-16 03:07:16 Error: [MissingControllerException] Controller class CssController could not be found.
Exception Attributes: array (
  'class' => 'CssController',
  'plugin' => NULL,
)
Request URL: /Parkstone/css/style.less.css
Stack Trace:
#0 C:\wamp\www\Parkstone\app\webroot\index.php(108): Dispatcher->dispatch(Object(CakeRequest), Object(CakeResponse))
#1 {main}
2014-10-16 03:07:17 Error: [MissingControllerException] Controller class ImgController could not be found.
Exception Attributes: array (
  'class' => 'ImgController',
  'plugin' => NULL,
)
Request URL: /Parkstone/img/new_investor.png
Stack Trace:
#0 C:\wamp\www\Parkstone\app\webroot\index.php(108): Dispatcher->dispatch(Object(CakeRequest), Object(CakeResponse))
#1 {main}
2014-10-16 03:07:17 Error: [MissingControllerException] Controller class ImgController could not be found.
Exception Attributes: array (
  'class' => 'ImgController',
  'plugin' => NULL,
)
Request URL: /Parkstone/img/manage_investments.png
Stack Trace:
#0 C:\wamp\www\Parkstone\app\webroot\index.php(108): Dispatcher->dispatch(Object(CakeRequest), Object(CakeResponse))
#1 {main}
2014-10-16 03:07:17 Error: [MissingControllerException] Controller class ImgController could not be found.
Exception Attributes: array (
  'class' => 'ImgController',
  'plugin' => NULL,
)
Request URL: /Parkstone/img/list_investors.png
Stack Trace:
#0 C:\wamp\www\Parkstone\app\webroot\index.php(108): Dispatcher->dispatch(Object(CakeRequest), Object(CakeResponse))
#1 {main}
2014-10-16 03:07:17 Error: [MissingControllerException] Controller class ImgController could not be found.
Exception Attributes: array (
  'class' => 'ImgController',
  'plugin' => NULL,
)
Request URL: /Parkstone/img/new_investment.png
Stack Trace:
#0 C:\wamp\www\Parkstone\app\webroot\index.php(108): Dispatcher->dispatch(Object(CakeRequest), Object(CakeResponse))
#1 {main}
2014-10-16 03:07:17 Error: [MissingControllerException] Controller class CssController could not be found.
Exception Attributes: array (
  'class' => 'CssController',
  'plugin' => NULL,
)
Request URL: /Parkstone/css/style.less.css
Stack Trace:
#0 C:\wamp\www\Parkstone\app\webroot\index.php(108): Dispatcher->dispatch(Object(CakeRequest), Object(CakeResponse))
#1 {main}
2014-10-16 03:07:17 Error: [MissingControllerException] Controller class ImgController could not be found.
Exception Attributes: array (
  'class' => 'ImgController',
  'plugin' => NULL,
)
Request URL: /Parkstone/img/new_investor.png
Stack Trace:
#0 C:\wamp\www\Parkstone\app\webroot\index.php(108): Dispatcher->dispatch(Object(CakeRequest), Object(CakeResponse))
#1 {main}
2014-10-16 03:07:17 Error: [MissingControllerException] Controller class ImgController could not be found.
Exception Attributes: array (
  'class' => 'ImgController',
  'plugin' => NULL,
)
Request URL: /Parkstone/img/list_investors.png
Stack Trace:
#0 C:\wamp\www\Parkstone\app\webroot\index.php(108): Dispatcher->dispatch(Object(CakeRequest), Object(CakeResponse))
#1 {main}
2014-10-16 03:07:17 Error: [MissingControllerException] Controller class ImgController could not be found.
Exception Attributes: array (
  'class' => 'ImgController',
  'plugin' => NULL,
)
Request URL: /Parkstone/img/new_investment.png
Stack Trace:
#0 C:\wamp\www\Parkstone\app\webroot\index.php(108): Dispatcher->dispatch(Object(CakeRequest), Object(CakeResponse))
#1 {main}
2014-10-16 03:07:17 Error: [MissingControllerException] Controller class ImgController could not be found.
Exception Attributes: array (
  'class' => 'ImgController',
  'plugin' => NULL,
)
Request URL: /Parkstone/img/manage_investments.png
Stack Trace:
#0 C:\wamp\www\Parkstone\app\webroot\index.php(108): Dispatcher->dispatch(Object(CakeRequest), Object(CakeResponse))
#1 {main}
2014-10-16 03:07:34 Error: [MissingControllerException] Controller class CssController could not be found.
Exception Attributes: array (
  'class' => 'CssController',
  'plugin' => NULL,
)
Request URL: /Parkstone/css/style.less.css
Stack Trace:
#0 C:\wamp\www\Parkstone\app\webroot\index.php(108): Dispatcher->dispatch(Object(CakeRequest), Object(CakeResponse))
#1 {main}
2014-10-16 03:07:34 Error: [MissingControllerException] Controller class CssController could not be found.
Exception Attributes: array (
  'class' => 'CssController',
  'plugin' => NULL,
)
Request URL: /Parkstone/css/style.less.css
Stack Trace:
#0 C:\wamp\www\Parkstone\app\webroot\index.php(108): Dispatcher->dispatch(Object(CakeRequest), Object(CakeResponse))
#1 {main}
2014-10-16 03:07:39 Error: [MissingControllerException] Controller class CssController could not be found.
Exception Attributes: array (
  'class' => 'CssController',
  'plugin' => NULL,
)
Request URL: /Parkstone/css/style.less.css
Stack Trace:
#0 C:\wamp\www\Parkstone\app\webroot\index.php(108): Dispatcher->dispatch(Object(CakeRequest), Object(CakeResponse))
#1 {main}
2014-10-16 03:07:39 Error: [MissingControllerException] Controller class CssController could not be found.
Exception Attributes: array (
  'class' => 'CssController',
  'plugin' => NULL,
)
Request URL: /Parkstone/css/style.less.css
Stack Trace:
#0 C:\wamp\www\Parkstone\app\webroot\index.php(108): Dispatcher->dispatch(Object(CakeRequest), Object(CakeResponse))
#1 {main}
2014-10-16 03:07:40 Error: [MissingControllerException] Controller class CssController could not be found.
Exception Attributes: array (
  'class' => 'CssController',
  'plugin' => NULL,
)
Request URL: /Parkstone/css/style.less.css
Stack Trace:
#0 C:\wamp\www\Parkstone\app\webroot\index.php(108): Dispatcher->dispatch(Object(CakeRequest), Object(CakeResponse))
#1 {main}
2014-10-16 03:07:40 Error: [MissingControllerException] Controller class CssController could not be found.
Exception Attributes: array (
  'class' => 'CssController',
  'plugin' => NULL,
)
Request URL: /Parkstone/css/style.less.css
Stack Trace:
#0 C:\wamp\www\Parkstone\app\webroot\index.php(108): Dispatcher->dispatch(Object(CakeRequest), Object(CakeResponse))
#1 {main}
2014-10-16 03:07:49 Error: [MissingControllerException] Controller class CssController could not be found.
Exception Attributes: array (
  'class' => 'CssController',
  'plugin' => NULL,
)
Request URL: /Parkstone/css/style.less.css
Stack Trace:
#0 C:\wamp\www\Parkstone\app\webroot\index.php(108): Dispatcher->dispatch(Object(CakeRequest), Object(CakeResponse))
#1 {main}
2014-10-16 03:09:34 Error: [MissingControllerException] Controller class CssController could not be found.
Exception Attributes: array (
  'class' => 'CssController',
  'plugin' => NULL,
)
Request URL: /Parkstone/css/style.less.css
Stack Trace:
#0 C:\wamp\www\Parkstone\app\webroot\index.php(108): Dispatcher->dispatch(Object(CakeRequest), Object(CakeResponse))
#1 {main}
2014-10-16 03:09:34 Error: [MissingControllerException] Controller class CssController could not be found.
Exception Attributes: array (
  'class' => 'CssController',
  'plugin' => NULL,
)
Request URL: /Parkstone/css/style.less.css
Stack Trace:
#0 C:\wamp\www\Parkstone\app\webroot\index.php(108): Dispatcher->dispatch(Object(CakeRequest), Object(CakeResponse))
#1 {main}
2014-10-16 03:10:08 Error: [MissingControllerException] Controller class CssController could not be found.
Exception Attributes: array (
  'class' => 'CssController',
  'plugin' => NULL,
)
Request URL: /Parkstone/css/style.less.css
Stack Trace:
#0 C:\wamp\www\Parkstone\app\webroot\index.php(108): Dispatcher->dispatch(Object(CakeRequest), Object(CakeResponse))
#1 {main}
2014-10-16 03:10:08 Error: [MissingControllerException] Controller class CssController could not be found.
Exception Attributes: array (
  'class' => 'CssController',
  'plugin' => NULL,
)
Request URL: /Parkstone/css/style.less.css
Stack Trace:
#0 C:\wamp\www\Parkstone\app\webroot\index.php(108): Dispatcher->dispatch(Object(CakeRequest), Object(CakeResponse))
#1 {main}
2014-10-16 03:10:08 Error: [MissingControllerException] Controller class CssController could not be found.
Exception Attributes: array (
  'class' => 'CssController',
  'plugin' => NULL,
)
Request URL: /Parkstone/css/style.less.css
Stack Trace:
#0 C:\wamp\www\Parkstone\app\webroot\index.php(108): Dispatcher->dispatch(Object(CakeRequest), Object(CakeResponse))
#1 {main}
2014-10-16 03:10:10 Error: [MissingControllerException] Controller class CssController could not be found.
Exception Attributes: array (
  'class' => 'CssController',
  'plugin' => NULL,
)
Request URL: /Parkstone/css/style.less.css
Stack Trace:
#0 C:\wamp\www\Parkstone\app\webroot\index.php(108): Dispatcher->dispatch(Object(CakeRequest), Object(CakeResponse))
#1 {main}
2014-10-16 03:47:08 Error: [MissingControllerException] Controller class CssController could not be found.
Exception Attributes: array (
  'class' => 'CssController',
  'plugin' => NULL,
)
Request URL: /Parkstone/css/style.less.css
Stack Trace:
#0 C:\wamp\www\Parkstone\app\webroot\index.php(108): Dispatcher->dispatch(Object(CakeRequest), Object(CakeResponse))
#1 {main}
2014-10-16 03:47:09 Error: [MissingControllerException] Controller class CssController could not be found.
Exception Attributes: array (
  'class' => 'CssController',
  'plugin' => NULL,
)
Request URL: /Parkstone/css/style.less.css
Stack Trace:
#0 C:\wamp\www\Parkstone\app\webroot\index.php(108): Dispatcher->dispatch(Object(CakeRequest), Object(CakeResponse))
#1 {main}
2014-10-16 03:47:19 Error: [MissingControllerException] Controller class ParkstoneController could not be found.
Exception Attributes: array (
  'class' => 'ParkstoneController',
  'plugin' => NULL,
)
Request URL: /Parkstone/parkstone/
Stack Trace:
#0 C:\wamp\www\Parkstone\app\webroot\index.php(108): Dispatcher->dispatch(Object(CakeRequest), Object(CakeResponse))
#1 {main}
2014-10-16 03:47:19 Error: [MissingControllerException] Controller class CssController could not be found.
Exception Attributes: array (
  'class' => 'CssController',
  'plugin' => NULL,
)
Request URL: /Parkstone/css/style.less.css
Stack Trace:
#0 C:\wamp\www\Parkstone\app\webroot\index.php(108): Dispatcher->dispatch(Object(CakeRequest), Object(CakeResponse))
#1 {main}
2014-10-16 03:47:26 Error: [MissingControllerException] Controller class CssController could not be found.
Exception Attributes: array (
  'class' => 'CssController',
  'plugin' => NULL,
)
Request URL: /Parkstone/css/style.less.css
Stack Trace:
#0 C:\wamp\www\Parkstone\app\webroot\index.php(108): Dispatcher->dispatch(Object(CakeRequest), Object(CakeResponse))
#1 {main}
2014-10-16 03:47:30 Error: [MissingControllerException] Controller class CssController could not be found.
Exception Attributes: array (
  'class' => 'CssController',
  'plugin' => NULL,
)
Request URL: /Parkstone/css/style.less.css
Stack Trace:
#0 C:\wamp\www\Parkstone\app\webroot\index.php(108): Dispatcher->dispatch(Object(CakeRequest), Object(CakeResponse))
#1 {main}
2014-10-16 03:47:32 Error: [MissingControllerException] Controller class CssController could not be found.
Exception Attributes: array (
  'class' => 'CssController',
  'plugin' => NULL,
)
Request URL: /Parkstone/css/style.less.css
Stack Trace:
#0 C:\wamp\www\Parkstone\app\webroot\index.php(108): Dispatcher->dispatch(Object(CakeRequest), Object(CakeResponse))
#1 {main}
2014-10-16 03:47:35 Error: [MissingControllerException] Controller class CssController could not be found.
Exception Attributes: array (
  'class' => 'CssController',
  'plugin' => NULL,
)
Request URL: /Parkstone/css/style.less.css
Stack Trace:
#0 C:\wamp\www\Parkstone\app\webroot\index.php(108): Dispatcher->dispatch(Object(CakeRequest), Object(CakeResponse))
#1 {main}
2014-10-16 03:47:35 Error: [MissingControllerException] Controller class CssController could not be found.
Exception Attributes: array (
  'class' => 'CssController',
  'plugin' => NULL,
)
Request URL: /Parkstone/css/style.less.css
Stack Trace:
#0 C:\wamp\www\Parkstone\app\webroot\index.php(108): Dispatcher->dispatch(Object(CakeRequest), Object(CakeResponse))
#1 {main}
2014-10-16 20:42:07 Error: [MissingControllerException] Controller class CssController could not be found.
Exception Attributes: array (
  'class' => 'CssController',
  'plugin' => NULL,
)
Request URL: /Parkstone/css/style.less.css
Stack Trace:
#0 C:\wamp\www\Parkstone\app\webroot\index.php(108): Dispatcher->dispatch(Object(CakeRequest), Object(CakeResponse))
#1 {main}
2014-10-16 20:42:08 Error: [MissingControllerException] Controller class CssController could not be found.
Exception Attributes: array (
  'class' => 'CssController',
  'plugin' => NULL,
)
Request URL: /Parkstone/css/style.less.css
Stack Trace:
#0 C:\wamp\www\Parkstone\app\webroot\index.php(108): Dispatcher->dispatch(Object(CakeRequest), Object(CakeResponse))
#1 {main}
2014-10-16 20:44:13 Error: [MissingControllerException] Controller class CssController could not be found.
Exception Attributes: array (
  'class' => 'CssController',
  'plugin' => NULL,
)
Request URL: /Parkstone/css/style.less.css
Stack Trace:
#0 C:\wamp\www\Parkstone\app\webroot\index.php(108): Dispatcher->dispatch(Object(CakeRequest), Object(CakeResponse))
#1 {main}
2014-10-16 20:44:13 Error: [MissingControllerException] Controller class CssController could not be found.
Exception Attributes: array (
  'class' => 'CssController',
  'plugin' => NULL,
)
Request URL: /Parkstone/css/style.less.css
Stack Trace:
#0 C:\wamp\www\Parkstone\app\webroot\index.php(108): Dispatcher->dispatch(Object(CakeRequest), Object(CakeResponse))
#1 {main}
2014-10-16 20:44:24 Error: Fatal Error (1): Call to a member function find() on a non-object in [C:\wamp\www\Parkstone\app\Controller\ReinvestmentsController.php, line 336]
2014-10-16 20:44:24 Error: [FatalErrorException] Call to a member function find() on a non-object
Request URL: /Parkstone/Reinvestments/newInvestment0
Stack Trace:
#0 C:\wamp\www\Parkstone\lib\Cake\Error\ErrorHandler.php(203): ErrorHandler::handleFatalError(1, 'Call to a membe...', 'C:\\wamp\\www\\Par...', 336)
#1 [internal function]: ErrorHandler::handleError(1, 'Call to a membe...', 'C:\\wamp\\www\\Par...', 336, Array)
#2 C:\wamp\www\Parkstone\lib\Cake\Core\App.php(929): call_user_func('ErrorHandler::h...', 1, 'Call to a membe...', 'C:\\wamp\\www\\Par...', 336, Array)
#3 C:\wamp\www\Parkstone\lib\Cake\Core\App.php(902): App::_checkFatalError()
#4 [internal function]: App::shutdown()
#5 {main}
2014-10-16 20:44:24 Error: [MissingControllerException] Controller class CssController could not be found.
Exception Attributes: array (
  'class' => 'CssController',
  'plugin' => NULL,
)
Request URL: /Parkstone/css/style.less.css
Stack Trace:
#0 C:\wamp\www\Parkstone\app\webroot\index.php(108): Dispatcher->dispatch(Object(CakeRequest), Object(CakeResponse))
#1 {main}
2014-10-16 20:47:15 Error: Fatal Error (1): Call to a member function find() on a non-object in [C:\wamp\www\Parkstone\app\Controller\ReinvestmentsController.php, line 336]
2014-10-16 20:47:15 Error: [FatalErrorException] Call to a member function find() on a non-object
Request URL: /Parkstone/Reinvestments/newInvestment0
Stack Trace:
#0 C:\wamp\www\Parkstone\lib\Cake\Error\ErrorHandler.php(203): ErrorHandler::handleFatalError(1, 'Call to a membe...', 'C:\\wamp\\www\\Par...', 336)
#1 [internal function]: ErrorHandler::handleError(1, 'Call to a membe...', 'C:\\wamp\\www\\Par...', 336, Array)
#2 C:\wamp\www\Parkstone\lib\Cake\Core\App.php(929): call_user_func('ErrorHandler::h...', 1, 'Call to a membe...', 'C:\\wamp\\www\\Par...', 336, Array)
#3 C:\wamp\www\Parkstone\lib\Cake\Core\App.php(902): App::_checkFatalError()
#4 [internal function]: App::shutdown()
#5 {main}
2014-10-16 20:47:15 Error: [MissingControllerException] Controller class CssController could not be found.
Exception Attributes: array (
  'class' => 'CssController',
  'plugin' => NULL,
)
Request URL: /Parkstone/css/style.less.css
Stack Trace:
#0 C:\wamp\www\Parkstone\app\webroot\index.php(108): Dispatcher->dispatch(Object(CakeRequest), Object(CakeResponse))
#1 {main}
2014-10-16 20:47:16 Error: [MissingControllerException] Controller class CssController could not be found.
Exception Attributes: array (
  'class' => 'CssController',
  'plugin' => NULL,
)
Request URL: /Parkstone/css/style.less.css
Stack Trace:
#0 C:\wamp\www\Parkstone\app\webroot\index.php(108): Dispatcher->dispatch(Object(CakeRequest), Object(CakeResponse))
#1 {main}
2014-10-16 20:47:18 Error: Fatal Error (1): Call to a member function find() on a non-object in [C:\wamp\www\Parkstone\app\Controller\ReinvestmentsController.php, line 336]
2014-10-16 20:47:18 Error: [FatalErrorException] Call to a member function find() on a non-object
Request URL: /Parkstone/Reinvestments/newInvestment0
Stack Trace:
#0 C:\wamp\www\Parkstone\lib\Cake\Error\ErrorHandler.php(203): ErrorHandler::handleFatalError(1, 'Call to a membe...', 'C:\\wamp\\www\\Par...', 336)
#1 [internal function]: ErrorHandler::handleError(1, 'Call to a membe...', 'C:\\wamp\\www\\Par...', 336, Array)
#2 C:\wamp\www\Parkstone\lib\Cake\Core\App.php(929): call_user_func('ErrorHandler::h...', 1, 'Call to a membe...', 'C:\\wamp\\www\\Par...', 336, Array)
#3 C:\wamp\www\Parkstone\lib\Cake\Core\App.php(902): App::_checkFatalError()
#4 [internal function]: App::shutdown()
#5 {main}
2014-10-16 20:47:18 Error: [MissingControllerException] Controller class CssController could not be found.
Exception Attributes: array (
  'class' => 'CssController',
  'plugin' => NULL,
)
Request URL: /Parkstone/css/style.less.css
Stack Trace:
#0 C:\wamp\www\Parkstone\app\webroot\index.php(108): Dispatcher->dispatch(Object(CakeRequest), Object(CakeResponse))
#1 {main}
2014-10-16 20:47:18 Error: [MissingControllerException] Controller class CssController could not be found.
Exception Attributes: array (
  'class' => 'CssController',
  'plugin' => NULL,
)
Request URL: /Parkstone/css/style.less.css
Stack Trace:
#0 C:\wamp\www\Parkstone\app\webroot\index.php(108): Dispatcher->dispatch(Object(CakeRequest), Object(CakeResponse))
#1 {main}
2014-10-16 20:48:01 Error: Fatal Error (1): Call to a member function find() on a non-object in [C:\wamp\www\Parkstone\app\Controller\ReinvestmentsController.php, line 338]
2014-10-16 20:48:01 Error: [FatalErrorException] Call to a member function find() on a non-object
Request URL: /Parkstone/Reinvestments/newInvestment0
Stack Trace:
#0 C:\wamp\www\Parkstone\lib\Cake\Error\ErrorHandler.php(203): ErrorHandler::handleFatalError(1, 'Call to a membe...', 'C:\\wamp\\www\\Par...', 338)
#1 [internal function]: ErrorHandler::handleError(1, 'Call to a membe...', 'C:\\wamp\\www\\Par...', 338, Array)
#2 C:\wamp\www\Parkstone\lib\Cake\Core\App.php(929): call_user_func('ErrorHandler::h...', 1, 'Call to a membe...', 'C:\\wamp\\www\\Par...', 338, Array)
#3 C:\wamp\www\Parkstone\lib\Cake\Core\App.php(902): App::_checkFatalError()
#4 [internal function]: App::shutdown()
#5 {main}
2014-10-16 20:48:01 Error: [MissingControllerException] Controller class CssController could not be found.
Exception Attributes: array (
  'class' => 'CssController',
  'plugin' => NULL,
)
Request URL: /Parkstone/css/style.less.css
Stack Trace:
#0 C:\wamp\www\Parkstone\app\webroot\index.php(108): Dispatcher->dispatch(Object(CakeRequest), Object(CakeResponse))
#1 {main}
2014-10-16 20:48:01 Error: [MissingControllerException] Controller class CssController could not be found.
Exception Attributes: array (
  'class' => 'CssController',
  'plugin' => NULL,
)
Request URL: /Parkstone/css/style.less.css
Stack Trace:
#0 C:\wamp\www\Parkstone\app\webroot\index.php(108): Dispatcher->dispatch(Object(CakeRequest), Object(CakeResponse))
#1 {main}
2014-10-16 20:48:10 Error: [MissingControllerException] Controller class CssController could not be found.
Exception Attributes: array (
  'class' => 'CssController',
  'plugin' => NULL,
)
Request URL: /Parkstone/css/style.less.css
Stack Trace:
#0 C:\wamp\www\Parkstone\app\webroot\index.php(108): Dispatcher->dispatch(Object(CakeRequest), Object(CakeResponse))
#1 {main}
2014-10-16 20:48:11 Error: [MissingControllerException] Controller class CssController could not be found.
Exception Attributes: array (
  'class' => 'CssController',
  'plugin' => NULL,
)
Request URL: /Parkstone/css/style.less.css
Stack Trace:
#0 C:\wamp\www\Parkstone\app\webroot\index.php(108): Dispatcher->dispatch(Object(CakeRequest), Object(CakeResponse))
#1 {main}
2014-10-16 20:50:23 Error: Fatal Error (64): Cannot redeclare class Investment in [C:\wamp\www\Parkstone\app\Model\Reinvestment.php, line 72]
2014-10-16 20:50:23 Error: [FatalErrorException] Cannot redeclare class Investment
Request URL: /Parkstone/Reinvestments/newInvestment0
Stack Trace:
#0 C:\wamp\www\Parkstone\lib\Cake\Error\ErrorHandler.php(203): ErrorHandler::handleFatalError(64, 'Cannot redeclar...', 'C:\\wamp\\www\\Par...', 72)
#1 [internal function]: ErrorHandler::handleError(64, 'Cannot redeclar...', 'C:\\wamp\\www\\Par...', 72, Array)
#2 C:\wamp\www\Parkstone\lib\Cake\Core\App.php(929): call_user_func('ErrorHandler::h...', 64, 'Cannot redeclar...', 'C:\\wamp\\www\\Par...', 72, Array)
#3 C:\wamp\www\Parkstone\lib\Cake\Core\App.php(902): App::_checkFatalError()
#4 [internal function]: App::shutdown()
#5 {main}
2014-10-16 20:50:23 Error: [MissingControllerException] Controller class CssController could not be found.
Exception Attributes: array (
  'class' => 'CssController',
  'plugin' => NULL,
)
Request URL: /Parkstone/css/style.less.css
Stack Trace:
#0 C:\wamp\www\Parkstone\app\webroot\index.php(108): Dispatcher->dispatch(Object(CakeRequest), Object(CakeResponse))
#1 {main}
2014-10-16 20:50:23 Error: [MissingControllerException] Controller class CssController could not be found.
Exception Attributes: array (
  'class' => 'CssController',
  'plugin' => NULL,
)
Request URL: /Parkstone/css/style.less.css
Stack Trace:
#0 C:\wamp\www\Parkstone\app\webroot\index.php(108): Dispatcher->dispatch(Object(CakeRequest), Object(CakeResponse))
#1 {main}
2014-10-16 20:51:05 Error: [MissingTableException] Table reinvestments for model Reinvestment was not found in datasource default.
Exception Attributes: array (
  'table' => 'reinvestments',
  'class' => 'Reinvestment',
  'ds' => 'default',
)
Request URL: /Parkstone/Reinvestments/newInvestment0
Stack Trace:
#0 C:\wamp\www\Parkstone\lib\Cake\Model\Model.php(3499): Model->setSource('reinvestments')
#1 C:\wamp\www\Parkstone\lib\Cake\Model\Model.php(1355): Model->getDataSource()
#2 C:\wamp\www\Parkstone\lib\Cake\View\Helper\FormHelper.php(207): Model->schema()
#3 C:\wamp\www\Parkstone\lib\Cake\View\Helper\FormHelper.php(459): FormHelper->_introspectModel('Reinvestment', 'fields')
#4 C:\wamp\www\Parkstone\app\View\Reinvestments\new_investment0.ctp(12): FormHelper->create('Reinvestment', Array)
#5 C:\wamp\www\Parkstone\lib\Cake\View\View.php(935): include('C:\\wamp\\www\\Par...')
#6 C:\wamp\www\Parkstone\lib\Cake\View\View.php(897): View->_evaluate('C:\\wamp\\www\\Par...', Array)
#7 C:\wamp\www\Parkstone\lib\Cake\View\View.php(466): View->_render('C:\\wamp\\www\\Par...')
#8 C:\wamp\www\Parkstone\lib\Cake\Controller\Controller.php(954): View->render(NULL, NULL)
#9 C:\wamp\www\Parkstone\lib\Cake\Routing\Dispatcher.php(192): Controller->render()
#10 C:\wamp\www\Parkstone\lib\Cake\Routing\Dispatcher.php(160): Dispatcher->_invoke(Object(ReinvestmentsController), Object(CakeRequest), Object(CakeResponse))
#11 C:\wamp\www\Parkstone\app\webroot\index.php(108): Dispatcher->dispatch(Object(CakeRequest), Object(CakeResponse))
#12 {main}
2014-10-16 20:51:05 Error: [MissingControllerException] Controller class CssController could not be found.
Exception Attributes: array (
  'class' => 'CssController',
  'plugin' => NULL,
)
Request URL: /Parkstone/css/style.less.css
Stack Trace:
#0 C:\wamp\www\Parkstone\app\webroot\index.php(108): Dispatcher->dispatch(Object(CakeRequest), Object(CakeResponse))
#1 {main}
2014-10-16 20:51:06 Error: [MissingControllerException] Controller class CssController could not be found.
Exception Attributes: array (
  'class' => 'CssController',
  'plugin' => NULL,
)
Request URL: /Parkstone/css/style.less.css
Stack Trace:
#0 C:\wamp\www\Parkstone\app\webroot\index.php(108): Dispatcher->dispatch(Object(CakeRequest), Object(CakeResponse))
#1 {main}
2014-10-16 20:53:10 Error: [MissingControllerException] Controller class CssController could not be found.
Exception Attributes: array (
  'class' => 'CssController',
  'plugin' => NULL,
)
Request URL: /Parkstone/css/style.less.css
Stack Trace:
#0 C:\wamp\www\Parkstone\app\webroot\index.php(108): Dispatcher->dispatch(Object(CakeRequest), Object(CakeResponse))
#1 {main}
2014-10-16 20:53:11 Error: [MissingControllerException] Controller class CssController could not be found.
Exception Attributes: array (
  'class' => 'CssController',
  'plugin' => NULL,
)
Request URL: /Parkstone/css/style.less.css
Stack Trace:
#0 C:\wamp\www\Parkstone\app\webroot\index.php(108): Dispatcher->dispatch(Object(CakeRequest), Object(CakeResponse))
#1 {main}
2014-10-16 22:33:45 Error: [MissingControllerException] Controller class CssController could not be found.
Exception Attributes: array (
  'class' => 'CssController',
  'plugin' => NULL,
)
Request URL: /Parkstone/css/style.less.css
Stack Trace:
#0 C:\wamp\www\Parkstone\app\webroot\index.php(108): Dispatcher->dispatch(Object(CakeRequest), Object(CakeResponse))
#1 {main}
2014-10-16 22:33:45 Error: [MissingControllerException] Controller class CssController could not be found.
Exception Attributes: array (
  'class' => 'CssController',
  'plugin' => NULL,
)
Request URL: /Parkstone/css/style.less.css
Stack Trace:
#0 C:\wamp\www\Parkstone\app\webroot\index.php(108): Dispatcher->dispatch(Object(CakeRequest), Object(CakeResponse))
#1 {main}
2014-10-16 22:34:01 Error: [MissingControllerException] Controller class CssController could not be found.
Exception Attributes: array (
  'class' => 'CssController',
  'plugin' => NULL,
)
Request URL: /Parkstone/css/style.less.css
Stack Trace:
#0 C:\wamp\www\Parkstone\app\webroot\index.php(108): Dispatcher->dispatch(Object(CakeRequest), Object(CakeResponse))
#1 {main}
2014-10-16 22:35:08 Error: [MissingControllerException] Controller class CssController could not be found.
Exception Attributes: array (
  'class' => 'CssController',
  'plugin' => NULL,
)
Request URL: /Parkstone/css/style.less.css
Stack Trace:
#0 C:\wamp\www\Parkstone\app\webroot\index.php(108): Dispatcher->dispatch(Object(CakeRequest), Object(CakeResponse))
#1 {main}
2014-10-16 22:35:08 Error: [MissingControllerException] Controller class CssController could not be found.
Exception Attributes: array (
  'class' => 'CssController',
  'plugin' => NULL,
)
Request URL: /Parkstone/css/style.less.css
Stack Trace:
#0 C:\wamp\www\Parkstone\app\webroot\index.php(108): Dispatcher->dispatch(Object(CakeRequest), Object(CakeResponse))
#1 {main}
2014-10-16 22:35:11 Error: [MissingModelException] Investor
Request URL: /Parkstone/reinvestments/newInvestment1
Stack Trace:
#0 C:\wamp\www\Parkstone\lib\Cake\Controller\Controller.php(1080): PaginatorComponent->paginate('Investor', Array, Array)
#1 C:\wamp\www\Parkstone\app\Controller\ReinvestmentsController.php(342): Controller->paginate('Investor')
#2 [internal function]: ReinvestmentsController->newInvestment1()
#3 C:\wamp\www\Parkstone\lib\Cake\Controller\Controller.php(490): ReflectionMethod->invokeArgs(Object(ReinvestmentsController), Array)
#4 C:\wamp\www\Parkstone\lib\Cake\Routing\Dispatcher.php(185): Controller->invokeAction(Object(CakeRequest))
#5 C:\wamp\www\Parkstone\lib\Cake\Routing\Dispatcher.php(160): Dispatcher->_invoke(Object(ReinvestmentsController), Object(CakeRequest), Object(CakeResponse))
#6 C:\wamp\www\Parkstone\app\webroot\index.php(108): Dispatcher->dispatch(Object(CakeRequest), Object(CakeResponse))
#7 {main}
2014-10-16 22:35:11 Error: [MissingControllerException] Controller class CssController could not be found.
Exception Attributes: array (
  'class' => 'CssController',
  'plugin' => NULL,
)
Request URL: /Parkstone/css/style.less.css
Stack Trace:
#0 C:\wamp\www\Parkstone\app\webroot\index.php(108): Dispatcher->dispatch(Object(CakeRequest), Object(CakeResponse))
#1 {main}
2014-10-16 22:35:11 Error: [MissingControllerException] Controller class CssController could not be found.
Exception Attributes: array (
  'class' => 'CssController',
  'plugin' => NULL,
)
Request URL: /Parkstone/css/style.less.css
Stack Trace:
#0 C:\wamp\www\Parkstone\app\webroot\index.php(108): Dispatcher->dispatch(Object(CakeRequest), Object(CakeResponse))
#1 {main}
